\BOOKMARK [1][-]{section*.2}{Introduzione}{}% 1
\BOOKMARK [1][-]{section.1}{Data Understanding}{}% 2
\BOOKMARK [2][-]{subsection.1.1}{Descrizione del database}{section.1}% 3
\BOOKMARK [2][-]{subsection.1.2}{Distribuzione delle variabili}{section.1}% 4
\BOOKMARK [2][-]{subsection.1.3}{Missing values e outliers}{section.1}% 5
\BOOKMARK [2][-]{subsection.1.4}{Discretizzazione e normalizzazione}{section.1}% 6
\BOOKMARK [2][-]{subsection.1.5}{Correlazioni tra le variabili}{section.1}% 7
\BOOKMARK [1][-]{section.2}{Clustering}{}% 8
\BOOKMARK [2][-]{subsection.2.1}{Clustering con K-means}{section.2}% 9
\BOOKMARK [3][-]{subsubsection.2.1.1}{Identificazione del miglior numero di centroidi}{subsection.2.1}% 10
\BOOKMARK [3][-]{subsubsection.2.1.2}{Caratterizzazione dei clusters ottenuti}{subsection.2.1}% 11
\BOOKMARK [2][-]{subsection.2.2}{Clustering con DBscan}{section.2}% 12
\BOOKMARK [3][-]{subsubsection.2.2.1}{Studio dei parametri}{subsection.2.2}% 13
\BOOKMARK [3][-]{subsubsection.2.2.2}{Caratterizzazione dei clusters ottenuti}{subsection.2.2}% 14
\BOOKMARK [2][-]{subsection.2.3}{Clustering con Hierarchical}{section.2}% 15
\BOOKMARK [3][-]{subsubsection.2.3.1}{Scelta tra i diversi algoritmi}{subsection.2.3}% 16
\BOOKMARK [2][-]{subsection.2.4}{Valutazione finale del miglior metodo di clustering}{section.2}% 17
\BOOKMARK [1][-]{section.3}{Association Rules}{}% 18
\BOOKMARK [2][-]{subsection.3.1}{Preparazione dei dati}{section.3}% 19
\BOOKMARK [2][-]{subsection.3.2}{Estrazione degli itemsets pi\371 frequenti}{section.3}% 20
\BOOKMARK [2][-]{subsection.3.3}{Estrazione delle regole di associazione}{section.3}% 21
\BOOKMARK [2][-]{subsection.3.4}{Predire tramite le regole di associazione se un impiegato lascer\340 l'azienda}{section.3}% 22
\BOOKMARK [1][-]{section.4}{Classification}{}% 23
\BOOKMARK [2][-]{subsection.4.1}{Generazione dei decision trees}{section.4}% 24
\BOOKMARK [3][-]{subsubsection.4.1.1}{Validazione dei decision trees tramite test e training set}{subsection.4.1}% 25
\BOOKMARK [3][-]{subsubsection.4.1.2}{Decision tree su dataset non bilanciato}{subsection.4.1}% 26
\BOOKMARK [3][-]{subsubsection.4.1.3}{Decision tree su dataset bilanciato}{subsection.4.1}% 27
\BOOKMARK [2][-]{subsection.4.2}{Random Forest}{section.4}% 28
\BOOKMARK [3][-]{subsubsection.4.2.1}{Validazione tramite test e training set su dataset non bilanciato e bilanciato}{subsection.4.2}% 29
\BOOKMARK [2][-]{subsection.4.3}{Discussione sul miglior modello di predizione}{section.4}% 30
